Performing C++ SOURCE FILE Test CONCEPTS_FLAG_BUILTIN failed with the following output:
Change Dir: /mnt/c/DataCopied/Research/tree/build/CMakeFiles/CMakeTmp

Run Build Command(s):/usr/bin/make -f Makefile cmTC_87ae2/fast && /usr/bin/make  -f CMakeFiles/cmTC_87ae2.dir/build.make CMakeFiles/cmTC_87ae2.dir/build
make[1]: Entering directory '/mnt/c/DataCopied/Research/tree/build/CMakeFiles/CMakeTmp'
Building CXX object CMakeFiles/cmTC_87ae2.dir/src.cxx.o
/usr/bin/c++ -DCONCEPTS_FLAG_BUILTIN -I/mnt/c/DataCopied/Research/tree/lib/seqan3/include -I/mnt/c/DataCopied/Research/tree/lib/seqan3/submodules/sdsl-lite/include -I/mnt/c/DataCopied/Research/tree/lib/seqan3/submodules/range-v3/include -I/mnt/c/DataCopied/Research/tree/lib/seqan3/submodules/cereal/include -fopenmp  -fopenmp -std=gnu++1z -o CMakeFiles/cmTC_87ae2.dir/src.cxx.o -c /mnt/c/DataCopied/Research/tree/build/CMakeFiles/CMakeTmp/src.cxx
/mnt/c/DataCopied/Research/tree/build/CMakeFiles/CMakeTmp/src.cxx:1:16: error: ‘__cpp_concepts’ was not declared in this scope
 static_assert (__cpp_concepts >= 201507);
                ^~~~~~~~~~~~~~
/mnt/c/DataCopied/Research/tree/build/CMakeFiles/CMakeTmp/src.cxx:1:16: note: suggested alternative: ‘__cpp_constexpr’
 static_assert (__cpp_concepts >= 201507);
                ^~~~~~~~~~~~~~
                __cpp_constexpr
CMakeFiles/cmTC_87ae2.dir/build.make:77: recipe for target 'CMakeFiles/cmTC_87ae2.dir/src.cxx.o' failed
make[1]: *** [CMakeFiles/cmTC_87ae2.dir/src.cxx.o] Error 1
make[1]: Leaving directory '/mnt/c/DataCopied/Research/tree/build/CMakeFiles/CMakeTmp'
Makefile:127: recipe for target 'cmTC_87ae2/fast' failed
make: *** [cmTC_87ae2/fast] Error 2


Source file was:
static_assert (__cpp_concepts >= 201507);
    int main() {}
Performing C++ SOURCE FILE Test CONCEPTS_FLAG_STD20 failed with the following output:
Change Dir: /mnt/c/DataCopied/Research/tree/build/CMakeFiles/CMakeTmp

Run Build Command(s):/usr/bin/make -f Makefile cmTC_64109/fast && /usr/bin/make  -f CMakeFiles/cmTC_64109.dir/build.make CMakeFiles/cmTC_64109.dir/build
make[1]: Entering directory '/mnt/c/DataCopied/Research/tree/build/CMakeFiles/CMakeTmp'
Building CXX object CMakeFiles/cmTC_64109.dir/src.cxx.o
/usr/bin/c++ -DCONCEPTS_FLAG_STD20 -I/mnt/c/DataCopied/Research/tree/lib/seqan3/include -I/mnt/c/DataCopied/Research/tree/lib/seqan3/submodules/sdsl-lite/include -I/mnt/c/DataCopied/Research/tree/lib/seqan3/submodules/range-v3/include -I/mnt/c/DataCopied/Research/tree/lib/seqan3/submodules/cereal/include -fopenmp  -fopenmp -std=c++20 -std=gnu++1z -o CMakeFiles/cmTC_64109.dir/src.cxx.o -c /mnt/c/DataCopied/Research/tree/build/CMakeFiles/CMakeTmp/src.cxx
c++: error: unrecognized command line option ‘-std=c++20’; did you mean ‘-std=c++03’?
CMakeFiles/cmTC_64109.dir/build.make:77: recipe for target 'CMakeFiles/cmTC_64109.dir/src.cxx.o' failed
make[1]: *** [CMakeFiles/cmTC_64109.dir/src.cxx.o] Error 1
make[1]: Leaving directory '/mnt/c/DataCopied/Research/tree/build/CMakeFiles/CMakeTmp'
Makefile:127: recipe for target 'cmTC_64109/fast' failed
make: *** [cmTC_64109/fast] Error 2


Source file was:
static_assert (__cpp_concepts >= 201507);
    int main() {}
Performing C++ SOURCE FILE Test CONCEPTS_FLAG_STD2a failed with the following output:
Change Dir: /mnt/c/DataCopied/Research/tree/build/CMakeFiles/CMakeTmp

Run Build Command(s):/usr/bin/make -f Makefile cmTC_a00aa/fast && /usr/bin/make  -f CMakeFiles/cmTC_a00aa.dir/build.make CMakeFiles/cmTC_a00aa.dir/build
make[1]: Entering directory '/mnt/c/DataCopied/Research/tree/build/CMakeFiles/CMakeTmp'
Building CXX object CMakeFiles/cmTC_a00aa.dir/src.cxx.o
/usr/bin/c++ -DCONCEPTS_FLAG_STD2a -I/mnt/c/DataCopied/Research/tree/lib/seqan3/include -I/mnt/c/DataCopied/Research/tree/lib/seqan3/submodules/sdsl-lite/include -I/mnt/c/DataCopied/Research/tree/lib/seqan3/submodules/range-v3/include -I/mnt/c/DataCopied/Research/tree/lib/seqan3/submodules/cereal/include -fopenmp  -fopenmp -std=c++2a -std=gnu++1z -o CMakeFiles/cmTC_a00aa.dir/src.cxx.o -c /mnt/c/DataCopied/Research/tree/build/CMakeFiles/CMakeTmp/src.cxx
c++: error: unrecognized command line option ‘-std=c++2a’; did you mean ‘-std=c++03’?
CMakeFiles/cmTC_a00aa.dir/build.make:77: recipe for target 'CMakeFiles/cmTC_a00aa.dir/src.cxx.o' failed
make[1]: *** [CMakeFiles/cmTC_a00aa.dir/src.cxx.o] Error 1
make[1]: Leaving directory '/mnt/c/DataCopied/Research/tree/build/CMakeFiles/CMakeTmp'
Makefile:127: recipe for target 'cmTC_a00aa/fast' failed
make: *** [cmTC_a00aa/fast] Error 2


Source file was:
static_assert (__cpp_concepts >= 201507);
    int main() {}
Determining if the include file filesystem exists failed with the following output:
Change Dir: /mnt/c/DataCopied/Research/tree/build/CMakeFiles/CMakeTmp

Run Build Command(s):/usr/bin/make -f Makefile cmTC_007ae/fast && /usr/bin/make  -f CMakeFiles/cmTC_007ae.dir/build.make CMakeFiles/cmTC_007ae.dir/build
make[1]: Entering directory '/mnt/c/DataCopied/Research/tree/build/CMakeFiles/CMakeTmp'
Building CXX object CMakeFiles/cmTC_007ae.dir/CheckIncludeFile.cxx.o
/usr/bin/c++  -I/mnt/c/DataCopied/Research/tree/lib/seqan3/include -I/mnt/c/DataCopied/Research/tree/lib/seqan3/submodules/sdsl-lite/include -I/mnt/c/DataCopied/Research/tree/lib/seqan3/submodules/range-v3/include -I/mnt/c/DataCopied/Research/tree/lib/seqan3/submodules/cereal/include -fopenmp  -fopenmp -std=gnu++1z -o CMakeFiles/cmTC_007ae.dir/CheckIncludeFile.cxx.o -c /mnt/c/DataCopied/Research/tree/build/CMakeFiles/CMakeTmp/CheckIncludeFile.cxx
/mnt/c/DataCopied/Research/tree/build/CMakeFiles/CMakeTmp/CheckIncludeFile.cxx:1:10: fatal error: filesystem: No such file or directory
 #include <filesystem>
          ^~~~~~~~~~~~
compilation terminated.
CMakeFiles/cmTC_007ae.dir/build.make:77: recipe for target 'CMakeFiles/cmTC_007ae.dir/CheckIncludeFile.cxx.o' failed
make[1]: *** [CMakeFiles/cmTC_007ae.dir/CheckIncludeFile.cxx.o] Error 1
make[1]: Leaving directory '/mnt/c/DataCopied/Research/tree/build/CMakeFiles/CMakeTmp'
Makefile:127: recipe for target 'cmTC_007ae/fast' failed
make: *** [cmTC_007ae/fast] Error 2



Performing C++ SOURCE FILE Test CONCEPTS_FLAG_BUILTIN failed with the following output:
Change Dir: /mnt/c/DataCopied/Research/tree/build/CMakeFiles/CMakeTmp

Run Build Command(s):/usr/bin/make -f Makefile cmTC_b2a3e/fast && /usr/bin/make  -f CMakeFiles/cmTC_b2a3e.dir/build.make CMakeFiles/cmTC_b2a3e.dir/build
make[1]: Entering directory '/mnt/c/DataCopied/Research/tree/build/CMakeFiles/CMakeTmp'
Building CXX object CMakeFiles/cmTC_b2a3e.dir/src.cxx.o
/usr/bin/c++ -DCONCEPTS_FLAG_BUILTIN -I/mnt/c/DataCopied/Research/tree/lib/seqan3/include -I/mnt/c/DataCopied/Research/tree/lib/seqan3/submodules/sdsl-lite/include -I/mnt/c/DataCopied/Research/tree/lib/seqan3/submodules/range-v3/include -I/mnt/c/DataCopied/Research/tree/lib/seqan3/submodules/cereal/include -fopenmp  -fopenmp -std=gnu++1z -o CMakeFiles/cmTC_b2a3e.dir/src.cxx.o -c /mnt/c/DataCopied/Research/tree/build/CMakeFiles/CMakeTmp/src.cxx
/mnt/c/DataCopied/Research/tree/build/CMakeFiles/CMakeTmp/src.cxx:1:16: error: ‘__cpp_concepts’ was not declared in this scope
 static_assert (__cpp_concepts >= 201507);
                ^~~~~~~~~~~~~~
/mnt/c/DataCopied/Research/tree/build/CMakeFiles/CMakeTmp/src.cxx:1:16: note: suggested alternative: ‘__cpp_constexpr’
 static_assert (__cpp_concepts >= 201507);
                ^~~~~~~~~~~~~~
                __cpp_constexpr
CMakeFiles/cmTC_b2a3e.dir/build.make:77: recipe for target 'CMakeFiles/cmTC_b2a3e.dir/src.cxx.o' failed
make[1]: *** [CMakeFiles/cmTC_b2a3e.dir/src.cxx.o] Error 1
make[1]: Leaving directory '/mnt/c/DataCopied/Research/tree/build/CMakeFiles/CMakeTmp'
Makefile:127: recipe for target 'cmTC_b2a3e/fast' failed
make: *** [cmTC_b2a3e/fast] Error 2


Source file was:
static_assert (__cpp_concepts >= 201507);
    int main() {}
Performing C++ SOURCE FILE Test CONCEPTS_FLAG_STD20 failed with the following output:
Change Dir: /mnt/c/DataCopied/Research/tree/build/CMakeFiles/CMakeTmp

Run Build Command(s):/usr/bin/make -f Makefile cmTC_f9cbf/fast && /usr/bin/make  -f CMakeFiles/cmTC_f9cbf.dir/build.make CMakeFiles/cmTC_f9cbf.dir/build
make[1]: Entering directory '/mnt/c/DataCopied/Research/tree/build/CMakeFiles/CMakeTmp'
Building CXX object CMakeFiles/cmTC_f9cbf.dir/src.cxx.o
/usr/bin/c++ -DCONCEPTS_FLAG_STD20 -I/mnt/c/DataCopied/Research/tree/lib/seqan3/include -I/mnt/c/DataCopied/Research/tree/lib/seqan3/submodules/sdsl-lite/include -I/mnt/c/DataCopied/Research/tree/lib/seqan3/submodules/range-v3/include -I/mnt/c/DataCopied/Research/tree/lib/seqan3/submodules/cereal/include -fopenmp  -fopenmp -std=c++20 -std=gnu++1z -o CMakeFiles/cmTC_f9cbf.dir/src.cxx.o -c /mnt/c/DataCopied/Research/tree/build/CMakeFiles/CMakeTmp/src.cxx
c++: error: unrecognized command line option ‘-std=c++20’; did you mean ‘-std=c++03’?
CMakeFiles/cmTC_f9cbf.dir/build.make:77: recipe for target 'CMakeFiles/cmTC_f9cbf.dir/src.cxx.o' failed
make[1]: *** [CMakeFiles/cmTC_f9cbf.dir/src.cxx.o] Error 1
make[1]: Leaving directory '/mnt/c/DataCopied/Research/tree/build/CMakeFiles/CMakeTmp'
Makefile:127: recipe for target 'cmTC_f9cbf/fast' failed
make: *** [cmTC_f9cbf/fast] Error 2


Source file was:
static_assert (__cpp_concepts >= 201507);
    int main() {}
Performing C++ SOURCE FILE Test CONCEPTS_FLAG_STD2a failed with the following output:
Change Dir: /mnt/c/DataCopied/Research/tree/build/CMakeFiles/CMakeTmp

Run Build Command(s):/usr/bin/make -f Makefile cmTC_57e43/fast && /usr/bin/make  -f CMakeFiles/cmTC_57e43.dir/build.make CMakeFiles/cmTC_57e43.dir/build
make[1]: Entering directory '/mnt/c/DataCopied/Research/tree/build/CMakeFiles/CMakeTmp'
Building CXX object CMakeFiles/cmTC_57e43.dir/src.cxx.o
/usr/bin/c++ -DCONCEPTS_FLAG_STD2a -I/mnt/c/DataCopied/Research/tree/lib/seqan3/include -I/mnt/c/DataCopied/Research/tree/lib/seqan3/submodules/sdsl-lite/include -I/mnt/c/DataCopied/Research/tree/lib/seqan3/submodules/range-v3/include -I/mnt/c/DataCopied/Research/tree/lib/seqan3/submodules/cereal/include -fopenmp  -fopenmp -std=c++2a -std=gnu++1z -o CMakeFiles/cmTC_57e43.dir/src.cxx.o -c /mnt/c/DataCopied/Research/tree/build/CMakeFiles/CMakeTmp/src.cxx
c++: error: unrecognized command line option ‘-std=c++2a’; did you mean ‘-std=c++03’?
CMakeFiles/cmTC_57e43.dir/build.make:77: recipe for target 'CMakeFiles/cmTC_57e43.dir/src.cxx.o' failed
make[1]: *** [CMakeFiles/cmTC_57e43.dir/src.cxx.o] Error 1
make[1]: Leaving directory '/mnt/c/DataCopied/Research/tree/build/CMakeFiles/CMakeTmp'
Makefile:127: recipe for target 'cmTC_57e43/fast' failed
make: *** [cmTC_57e43/fast] Error 2


Source file was:
static_assert (__cpp_concepts >= 201507);
    int main() {}
Determining if the include file filesystem exists failed with the following output:
Change Dir: /mnt/c/DataCopied/Research/tree/build/CMakeFiles/CMakeTmp

Run Build Command(s):/usr/bin/make -f Makefile cmTC_8630b/fast && /usr/bin/make  -f CMakeFiles/cmTC_8630b.dir/build.make CMakeFiles/cmTC_8630b.dir/build
make[1]: Entering directory '/mnt/c/DataCopied/Research/tree/build/CMakeFiles/CMakeTmp'
Building CXX object CMakeFiles/cmTC_8630b.dir/CheckIncludeFile.cxx.o
/usr/bin/c++  -I/mnt/c/DataCopied/Research/tree/lib/seqan3/include -I/mnt/c/DataCopied/Research/tree/lib/seqan3/submodules/sdsl-lite/include -I/mnt/c/DataCopied/Research/tree/lib/seqan3/submodules/range-v3/include -I/mnt/c/DataCopied/Research/tree/lib/seqan3/submodules/cereal/include -fopenmp  -fopenmp -std=gnu++1z -o CMakeFiles/cmTC_8630b.dir/CheckIncludeFile.cxx.o -c /mnt/c/DataCopied/Research/tree/build/CMakeFiles/CMakeTmp/CheckIncludeFile.cxx
/mnt/c/DataCopied/Research/tree/build/CMakeFiles/CMakeTmp/CheckIncludeFile.cxx:1:10: fatal error: filesystem: No such file or directory
 #include <filesystem>
          ^~~~~~~~~~~~
compilation terminated.
CMakeFiles/cmTC_8630b.dir/build.make:77: recipe for target 'CMakeFiles/cmTC_8630b.dir/CheckIncludeFile.cxx.o' failed
make[1]: *** [CMakeFiles/cmTC_8630b.dir/CheckIncludeFile.cxx.o] Error 1
make[1]: Leaving directory '/mnt/c/DataCopied/Research/tree/build/CMakeFiles/CMakeTmp'
Makefile:127: recipe for target 'cmTC_8630b/fast' failed
make: *** [cmTC_8630b/fast] Error 2



Performing C++ SOURCE FILE Test FILESYSTEM_FLAG_BUILTIN failed with the following output:
Change Dir: /mnt/c/DataCopied/Research/tree/build/CMakeFiles/CMakeTmp

Run Build Command(s):/usr/bin/make -f Makefile cmTC_66eb2/fast && /usr/bin/make  -f CMakeFiles/cmTC_66eb2.dir/build.make CMakeFiles/cmTC_66eb2.dir/build
make[1]: Entering directory '/mnt/c/DataCopied/Research/tree/build/CMakeFiles/CMakeTmp'
Building CXX object CMakeFiles/cmTC_66eb2.dir/src.cxx.o
/usr/bin/c++ -DFILESYSTEM_FLAG_BUILTIN -I/mnt/c/DataCopied/Research/tree/lib/seqan3/include -I/mnt/c/DataCopied/Research/tree/lib/seqan3/submodules/sdsl-lite/include -I/mnt/c/DataCopied/Research/tree/lib/seqan3/submodules/range-v3/include -I/mnt/c/DataCopied/Research/tree/lib/seqan3/submodules/cereal/include -fopenmp  -fopenmp -std=gnu++1z -o CMakeFiles/cmTC_66eb2.dir/src.cxx.o -c /mnt/c/DataCopied/Research/tree/build/CMakeFiles/CMakeTmp/src.cxx
Linking CXX executable cmTC_66eb2
/usr/local/bin/cmake -E cmake_link_script CMakeFiles/cmTC_66eb2.dir/link.txt --verbose=1
/usr/bin/c++  -fopenmp  -fopenmp CMakeFiles/cmTC_66eb2.dir/src.cxx.o -o cmTC_66eb2 
CMakeFiles/cmTC_66eb2.dir/src.cxx.o: In function `main':
src.cxx:(.text+0xc2): undefined reference to `std::experimental::filesystem::v1::__cxx11::filesystem_error::~filesystem_error()'
src.cxx:(.text+0xcc): undefined reference to `typeinfo for std::experimental::filesystem::v1::__cxx11::filesystem_error'
CMakeFiles/cmTC_66eb2.dir/src.cxx.o: In function `std::experimental::filesystem::v1::__cxx11::filesystem_error::filesystem_error(std::__cxx11::basic_string<char, std::char_traits<char>, std::allocator<char> > const&, std::error_code)':
src.cxx:(.text._ZNSt12experimental10filesystem2v17__cxx1116filesystem_errorC2ERKNSt7__cxx1112basic_stringIcSt11char_traitsIcESaIcEEESt10error_code[_ZNSt12experimental10filesystem2v17__cxx1116filesystem_errorC5ERKNSt7__cxx1112basic_stringIcSt11char_traitsIcESaIcEEESt10error_code]+0x47): undefined reference to `vtable for std::experimental::filesystem::v1::__cxx11::filesystem_error'
CMakeFiles/cmTC_66eb2.dir/src.cxx.o: In function `std::experimental::filesystem::v1::__cxx11::path::path<char [6], std::experimental::filesystem::v1::__cxx11::path>(char const (&) [6])':
src.cxx:(.text._ZNSt12experimental10filesystem2v17__cxx114pathC2IA6_cS3_EERKT_[_ZNSt12experimental10filesystem2v17__cxx114pathC5IA6_cS3_EERKT_]+0x73): undefined reference to `std::experimental::filesystem::v1::__cxx11::path::_M_split_cmpts()'
collect2: error: ld returned 1 exit status
CMakeFiles/cmTC_66eb2.dir/build.make:98: recipe for target 'cmTC_66eb2' failed
make[1]: *** [cmTC_66eb2] Error 1
make[1]: Leaving directory '/mnt/c/DataCopied/Research/tree/build/CMakeFiles/CMakeTmp'
Makefile:127: recipe for target 'cmTC_66eb2/fast' failed
make: *** [cmTC_66eb2/fast] Error 2


Source file was:
#include <experimental/filesystem>
        int main()
        {
            std::experimental::filesystem::path p{"/tmp/"};
            throw std::experimental::filesystem::filesystem_error("Empty file name!", std::make_error_code(std::errc::invalid_argument));
        }
Determining if the include file lemon/config.h exists failed with the following output:
Change Dir: /mnt/c/DataCopied/Research/tree/build/CMakeFiles/CMakeTmp

Run Build Command(s):/usr/bin/make -f Makefile cmTC_f0759/fast && /usr/bin/make  -f CMakeFiles/cmTC_f0759.dir/build.make CMakeFiles/cmTC_f0759.dir/build
make[1]: Entering directory '/mnt/c/DataCopied/Research/tree/build/CMakeFiles/CMakeTmp'
Building CXX object CMakeFiles/cmTC_f0759.dir/CheckIncludeFile.cxx.o
/usr/bin/c++  -I/mnt/c/DataCopied/Research/tree/lib/seqan3/include -I/mnt/c/DataCopied/Research/tree/lib/seqan3/submodules/sdsl-lite/include -I/mnt/c/DataCopied/Research/tree/lib/seqan3/submodules/range-v3/include -I/mnt/c/DataCopied/Research/tree/lib/seqan3/submodules/cereal/include -fopenmp  -fopenmp -std=gnu++1z -o CMakeFiles/cmTC_f0759.dir/CheckIncludeFile.cxx.o -c /mnt/c/DataCopied/Research/tree/build/CMakeFiles/CMakeTmp/CheckIncludeFile.cxx
/mnt/c/DataCopied/Research/tree/build/CMakeFiles/CMakeTmp/CheckIncludeFile.cxx:1:10: fatal error: lemon/config.h: No such file or directory
 #include <lemon/config.h>
          ^~~~~~~~~~~~~~~~
compilation terminated.
CMakeFiles/cmTC_f0759.dir/build.make:77: recipe for target 'CMakeFiles/cmTC_f0759.dir/CheckIncludeFile.cxx.o' failed
make[1]: *** [CMakeFiles/cmTC_f0759.dir/CheckIncludeFile.cxx.o] Error 1
make[1]: Leaving directory '/mnt/c/DataCopied/Research/tree/build/CMakeFiles/CMakeTmp'
Makefile:127: recipe for target 'cmTC_f0759/fast' failed
make: *** [cmTC_f0759/fast] Error 2



Performing C++ SOURCE FILE Test CONCEPTS_FLAG_BUILTIN failed with the following output:
Change Dir: /mnt/c/DataCopied/Research/tree/build/CMakeFiles/CMakeTmp

Run Build Command(s):/usr/bin/make cmTC_c1a10/fast && /usr/bin/make -f CMakeFiles/cmTC_c1a10.dir/build.make CMakeFiles/cmTC_c1a10.dir/build
make[1]: Entering directory '/mnt/c/DataCopied/Research/tree/build/CMakeFiles/CMakeTmp'
Building CXX object CMakeFiles/cmTC_c1a10.dir/src.cxx.o
/usr/bin/c++   -I/mnt/c/DataCopied/Research/tree/lib/seqan3/include -I/mnt/c/DataCopied/Research/tree/lib/seqan3/submodules/sdsl-lite/include -I/mnt/c/DataCopied/Research/tree/lib/seqan3/submodules/range-v3/include -I/mnt/c/DataCopied/Research/tree/lib/seqan3/submodules/cereal/include  -fopenmp -DCONCEPTS_FLAG_BUILTIN  -fopenmp   -std=gnu++17 -o CMakeFiles/cmTC_c1a10.dir/src.cxx.o -c /mnt/c/DataCopied/Research/tree/build/CMakeFiles/CMakeTmp/src.cxx
/mnt/c/DataCopied/Research/tree/build/CMakeFiles/CMakeTmp/src.cxx:1:16: error: ‘__cpp_concepts’ was not declared in this scope
    1 | static_assert (__cpp_concepts >= 201507);
      |                ^~~~~~~~~~~~~~
make[1]: *** [CMakeFiles/cmTC_c1a10.dir/build.make:66: CMakeFiles/cmTC_c1a10.dir/src.cxx.o] Error 1
make[1]: Leaving directory '/mnt/c/DataCopied/Research/tree/build/CMakeFiles/CMakeTmp'
make: *** [Makefile:121: cmTC_c1a10/fast] Error 2


Source file was:
static_assert (__cpp_concepts >= 201507);
    int main() {}
Performing C++ SOURCE FILE Test CONCEPTS_FLAG_STD20 failed with the following output:
Change Dir: /mnt/c/DataCopied/Research/tree/build/CMakeFiles/CMakeTmp

Run Build Command(s):/usr/bin/make cmTC_1c022/fast && /usr/bin/make -f CMakeFiles/cmTC_1c022.dir/build.make CMakeFiles/cmTC_1c022.dir/build
make[1]: Entering directory '/mnt/c/DataCopied/Research/tree/build/CMakeFiles/CMakeTmp'
Building CXX object CMakeFiles/cmTC_1c022.dir/src.cxx.o
/usr/bin/c++   -I/mnt/c/DataCopied/Research/tree/lib/seqan3/include -I/mnt/c/DataCopied/Research/tree/lib/seqan3/submodules/sdsl-lite/include -I/mnt/c/DataCopied/Research/tree/lib/seqan3/submodules/range-v3/include -I/mnt/c/DataCopied/Research/tree/lib/seqan3/submodules/cereal/include  -fopenmp -DCONCEPTS_FLAG_STD20  -fopenmp -std=c++20   -std=gnu++17 -o CMakeFiles/cmTC_1c022.dir/src.cxx.o -c /mnt/c/DataCopied/Research/tree/build/CMakeFiles/CMakeTmp/src.cxx
c++: error: unrecognized command line option ‘-std=c++20’; did you mean ‘-std=c++2a’?
make[1]: *** [CMakeFiles/cmTC_1c022.dir/build.make:66: CMakeFiles/cmTC_1c022.dir/src.cxx.o] Error 1
make[1]: Leaving directory '/mnt/c/DataCopied/Research/tree/build/CMakeFiles/CMakeTmp'
make: *** [Makefile:121: cmTC_1c022/fast] Error 2


Source file was:
static_assert (__cpp_concepts >= 201507);
    int main() {}
Performing C++ SOURCE FILE Test CONCEPTS_FLAG_STD2a failed with the following output:
Change Dir: /mnt/c/DataCopied/Research/tree/build/CMakeFiles/CMakeTmp

Run Build Command(s):/usr/bin/make cmTC_452c8/fast && /usr/bin/make -f CMakeFiles/cmTC_452c8.dir/build.make CMakeFiles/cmTC_452c8.dir/build
make[1]: Entering directory '/mnt/c/DataCopied/Research/tree/build/CMakeFiles/CMakeTmp'
Building CXX object CMakeFiles/cmTC_452c8.dir/src.cxx.o
/usr/bin/c++   -I/mnt/c/DataCopied/Research/tree/lib/seqan3/include -I/mnt/c/DataCopied/Research/tree/lib/seqan3/submodules/sdsl-lite/include -I/mnt/c/DataCopied/Research/tree/lib/seqan3/submodules/range-v3/include -I/mnt/c/DataCopied/Research/tree/lib/seqan3/submodules/cereal/include  -fopenmp -DCONCEPTS_FLAG_STD2a  -fopenmp -std=c++2a   -std=gnu++17 -o CMakeFiles/cmTC_452c8.dir/src.cxx.o -c /mnt/c/DataCopied/Research/tree/build/CMakeFiles/CMakeTmp/src.cxx
/mnt/c/DataCopied/Research/tree/build/CMakeFiles/CMakeTmp/src.cxx:1:16: error: ‘__cpp_concepts’ was not declared in this scope
    1 | static_assert (__cpp_concepts >= 201507);
      |                ^~~~~~~~~~~~~~
make[1]: *** [CMakeFiles/cmTC_452c8.dir/build.make:66: CMakeFiles/cmTC_452c8.dir/src.cxx.o] Error 1
make[1]: Leaving directory '/mnt/c/DataCopied/Research/tree/build/CMakeFiles/CMakeTmp'
make: *** [Makefile:121: cmTC_452c8/fast] Error 2


Source file was:
static_assert (__cpp_concepts >= 201507);
    int main() {}
Determining if the include file lemon/config.h exists failed with the following output:
Change Dir: /mnt/c/DataCopied/Research/tree/build/CMakeFiles/CMakeTmp

Run Build Command(s):/usr/bin/make cmTC_2e1d8/fast && /usr/bin/make -f CMakeFiles/cmTC_2e1d8.dir/build.make CMakeFiles/cmTC_2e1d8.dir/build
make[1]: Entering directory '/mnt/c/DataCopied/Research/tree/build/CMakeFiles/CMakeTmp'
Building CXX object CMakeFiles/cmTC_2e1d8.dir/CheckIncludeFile.cxx.o
/usr/bin/c++   -I/mnt/c/DataCopied/Research/tree/lib/seqan3/include -I/mnt/c/DataCopied/Research/tree/lib/seqan3/submodules/sdsl-lite/include -I/mnt/c/DataCopied/Research/tree/lib/seqan3/submodules/range-v3/include -I/mnt/c/DataCopied/Research/tree/lib/seqan3/submodules/cereal/include  -fopenmp  -fopenmp   -std=gnu++17 -o CMakeFiles/cmTC_2e1d8.dir/CheckIncludeFile.cxx.o -c /mnt/c/DataCopied/Research/tree/build/CMakeFiles/CMakeTmp/CheckIncludeFile.cxx
/mnt/c/DataCopied/Research/tree/build/CMakeFiles/CMakeTmp/CheckIncludeFile.cxx:1:10: fatal error: lemon/config.h: No such file or directory
    1 | #include <lemon/config.h>
      |          ^~~~~~~~~~~~~~~~
compilation terminated.
make[1]: *** [CMakeFiles/cmTC_2e1d8.dir/build.make:66: CMakeFiles/cmTC_2e1d8.dir/CheckIncludeFile.cxx.o] Error 1
make[1]: Leaving directory '/mnt/c/DataCopied/Research/tree/build/CMakeFiles/CMakeTmp'
make: *** [Makefile:121: cmTC_2e1d8/fast] Error 2



